#0 building with "desktop-linux" instance using docker driver

#1 [internal] load build definition from Dockerfile
#1 transferring dockerfile: 1.15kB done
#1 DONE 0.0s

#2 [internal] load metadata for docker.io/library/ubuntu:22.04
#2 DONE 0.0s

#3 [internal] load .dockerignore
#3 transferring context: 183B done
#3 DONE 0.0s

#4 [1/7] FROM docker.io/library/ubuntu:22.04@sha256:ce4a593b4e323dcc3dd728e397e0a866a1bf516a1b7c31d6aa06991baec4f2e0
#4 resolve docker.io/library/ubuntu:22.04@sha256:ce4a593b4e323dcc3dd728e397e0a866a1bf516a1b7c31d6aa06991baec4f2e0 done
#4 DONE 0.0s

#5 [internal] load build context
#5 transferring context: 3.28kB done
#5 DONE 0.0s

#6 [2/7] RUN apt-get update   && apt-get install -y --no-install-recommends     ca-certificates     curl     gnupg     lsb-release     software-properties-common   && rm -rf /var/lib/apt/lists/*
#6 CACHED

#7 [4/7] RUN curl -s "https://presage-security.github.io/PPA/KEY.gpg" | gpg --dearmor > /etc/apt/trusted.gpg.d/presage-technologies.gpg   && curl -s --compressed -o /etc/apt/sources.list.d/presage-technologies.list "https://presage-security.github.io/PPA/presage-technologies.list"   && apt-get update   && apt-get install -y --no-install-recommends libsmartspectra-dev   && rm -rf /var/lib/apt/lists/*
#7 CACHED

#8 [3/7] RUN curl -fsSL https://deb.nodesource.com/setup_20.x | bash -   && apt-get update   && apt-get install -y --no-install-recommends     nodejs     build-essential     cmake     pkg-config     git   && rm -rf /var/lib/apt/lists/*
#8 CACHED

#9 [5/7] WORKDIR /app
#9 CACHED

#10 [6/7] COPY presage-bridge /app/presage-bridge
#10 DONE 0.0s

#11 [7/7] RUN bash /app/presage-bridge/build.sh
#11 0.598 Using detected SmartSpectra CMake package at /usr/local/lib/cmake/SmartSpectra
#11 0.600 Configuring SmartSpectra bridge...
#11 1.250 -- The CXX compiler identification is GNU 11.4.0
#11 1.287 -- Detecting CXX compiler ABI info
#11 1.947 -- Detecting CXX compiler ABI info - done
#11 1.966 -- Check for working CXX compiler: /usr/bin/c++ - skipped
#11 1.966 -- Detecting CXX compile features
#11 1.967 -- Detecting CXX compile features - done
#11 2.146 -- Found OpenCV: /usr (found suitable version "4.10.0", minimum required is "4.10.0") found components: core imgcodecs imgproc highgui 
#11 2.200 CMake Error at /usr/share/cmake-3.22/Modules/FindPackageHandleStandardArgs.cmake:230 (message):
#11 2.200   Could NOT find CURL (missing: CURL_LIBRARY CURL_INCLUDE_DIR)
#11 2.200 Call Stack (most recent call first):
#11 2.200   /usr/share/cmake-3.22/Modules/FindPackageHandleStandardArgs.cmake:594 (_FPHSA_FAILURE_MESSAGE)
#11 2.200   /usr/share/cmake-3.22/Modules/FindCURL.cmake:181 (find_package_handle_standard_args)
#11 2.200   /usr/local/lib/cmake/PhysiologyEdge/PhysiologyEdgeConfig.cmake:58 (find_package)
#11 2.200   /usr/local/lib/cmake/SmartSpectra/SmartSpectraConfig.cmake:21 (find_package)
#11 2.200   CMakeLists.txt:7 (find_package)
#11 2.200 
#11 2.200 
#11 2.200 -- Configuring incomplete, errors occurred!
#11 2.200 See also "/app/presage-bridge/native/build/CMakeFiles/CMakeOutput.log".
#11 2.222 
#11 2.222 SmartSpectra bridge configuration failed after locating the SDK.
#11 2.222 
#11 2.222 Review the CMake error output above for the specific compiler, dependency,
#11 2.222 or toolchain issue and rerun the build.
#11 2.222 
#11 ERROR: process "/bin/sh -c bash /app/presage-bridge/build.sh" did not complete successfully: exit code: 1
------
 > [7/7] RUN bash /app/presage-bridge/build.sh:
2.200 
2.200 
2.200 -- Configuring incomplete, errors occurred!
2.200 See also "/app/presage-bridge/native/build/CMakeFiles/CMakeOutput.log".
2.222 
2.222 SmartSpectra bridge configuration failed after locating the SDK.
2.222 
2.222 Review the CMake error output above for the specific compiler, dependency,
2.222 or toolchain issue and rerun the build.
2.222 
------
Dockerfile:36
--------------------
  34 |     COPY presage-bridge /app/presage-bridge
  35 |     
  36 | >>> RUN bash /app/presage-bridge/build.sh
  37 |     
  38 |     EXPOSE 8787
--------------------
ERROR: failed to build: failed to solve: process "/bin/sh -c bash /app/presage-bridge/build.sh" did not complete successfully: exit code: 1

View build details: docker-desktop://dashboard/build/desktop-linux/desktop-linux/w0cdicdc0rq1ij2n4he2r0hz3
